[debug] [2020-10-21T16:44:53.498Z] ----------------------------------------------------------------------
[debug] [2020-10-21T16:44:53.500Z] Command:       C:\Program Files\nodejs\node.exe C:\Users\HP\AppData\Roaming\npm\node_modules\firebase-tools\lib\bin\firebase.js emulators:start
[debug] [2020-10-21T16:44:53.500Z] CLI Version:   8.12.1
[debug] [2020-10-21T16:44:53.501Z] Platform:      win32
[debug] [2020-10-21T16:44:53.501Z] Node Version:  v12.18.1
[debug] [2020-10-21T16:44:53.502Z] Time:          Wed Oct 21 2020 21:44:53 GMT+0500 (Pakistan Standard Time)
[debug] [2020-10-21T16:44:53.502Z] ----------------------------------------------------------------------
[debug] [2020-10-21T16:44:53.502Z] 
[debug] [2020-10-21T16:44:53.510Z] > command requires scopes: ["email","openid","https://www.googleapis.com/auth/cloudplatformprojects.readonly","https://www.googleapis.com/auth/firebase","https://www.googleapis.com/auth/cloud-platform"]
[debug] [2020-10-21T16:44:53.511Z] > authorizing via signed-in user
[info] i  emulators: Starting emulators: functions, hosting {"metadata":{"emulator":{"name":"hub"},"message":"Starting emulators: functions, hosting"}}
[debug] [2020-10-21T16:44:55.577Z] [hub] writing locator at C:\Users\HP\AppData\Local\Temp\hub-store-1fe3d.json
[warn] !  functions: The following emulators are not running, calls to these services from the Functions emulator will affect production: auth, firestore, database, pubsub {"metadata":{"emulator":{"name":"functions"},"message":"The following emulators are not running, calls to these services from the Functions emulator will affect production: \u001b[1mauth, firestore, database, pubsub\u001b[22m"}}
[warn] !  Your requested "node" version "10" doesn't match your global version "12" {"metadata":{"emulator":{"name":"functions"},"message":"Your requested \"node\" version \"10\" doesn't match your global version \"12\""}}
[debug] [2020-10-21T16:44:57.649Z] defaultcredentials: writing to file C:\Users\HP\AppData\Roaming\firebase\ifrahkhalidmasood6_gmail_com_application_default_credentials.json
[debug] [2020-10-21T16:44:57.656Z] Setting GAC to C:\Users\HP\AppData\Roaming\firebase\ifrahkhalidmasood6_gmail_com_application_default_credentials.json {"metadata":{"emulator":{"name":"functions"},"message":"Setting GAC to C:\\Users\\HP\\AppData\\Roaming\\firebase\\ifrahkhalidmasood6_gmail_com_application_default_credentials.json"}}
[debug] [2020-10-21T16:44:59.686Z] >>> HTTP REQUEST GET https://firebase.googleapis.com/v1beta1/projects/store-1fe3d/webApps/-/config  
 
[debug] [2020-10-21T16:45:00.894Z] <<< HTTP RESPONSE 200 {"content-type":"application/json; charset=UTF-8","vary":"X-Origin, Referer, Origin,Accept-Encoding","date":"Wed, 21 Oct 2020 16:45:01 GMT","server":"ESF","cache-control":"private","x-xss-protection":"0","x-frame-options":"SAMEORIGIN","x-content-type-options":"nosniff","alt-svc":"h3-Q050=\":443\"; ma=2592000,h3-29=\":443\"; ma=2592000,h3-27=\":443\"; ma=2592000,h3-T051=\":443\"; ma=2592000,h3-T050=\":443\"; ma=2592000,h3-Q046=\":443\"; ma=2592000,h3-Q043=\":443\"; ma=2592000,quic=\":443\"; ma=2592000; v=\"46,43\"","accept-ranges":"none","transfer-encoding":"chunked"}
[info] i  hosting: Serving hosting files from: build {"metadata":{"emulator":{"name":"hosting"},"message":"Serving hosting files from: \u001b[1mbuild\u001b[22m"}}
[info] +  hosting: Local server: http://localhost:5000 {"metadata":{"emulator":{"name":"hosting"},"message":"Local server: \u001b[4m\u001b[1mhttp://localhost:5000\u001b[22m\u001b[24m"}}
[info] i  ui: downloading ui-v1.1.1.zip... {"metadata":{"emulator":{"name":"ui"},"message":"downloading ui-v1.1.1.zip..."}}
[debug] [2020-10-21T16:45:23.980Z] Ignoring unsupported arg: auto_download {"metadata":{"emulator":{"name":"ui"},"message":"Ignoring unsupported arg: auto_download"}}
[debug] [2020-10-21T16:45:23.980Z] Ignoring unsupported arg: port {"metadata":{"emulator":{"name":"ui"},"message":"Ignoring unsupported arg: port"}}
[debug] [2020-10-21T16:45:23.980Z] Starting Emulator UI with command {"binary":"node","args":["C:\\Users\\HP\\.cache\\firebase\\emulators\\ui-v1.1.1\\server.bundle.js"],"optionalArgs":[],"joinArgs":false} {"metadata":{"emulator":{"name":"ui"},"message":"Starting Emulator UI with command {\"binary\":\"node\",\"args\":[\"C:\\\\Users\\\\HP\\\\.cache\\\\firebase\\\\emulators\\\\ui-v1.1.1\\\\server.bundle.js\"],\"optionalArgs\":[],\"joinArgs\":false}"}}
[info] i  ui: Emulator UI logging to ui-debug.log {"metadata":{"emulator":{"name":"ui"},"message":"Emulator UI logging to \u001b[1mui-debug.log\u001b[22m"}}
[debug] [2020-10-21T16:45:24.116Z] Web / API server started at http://localhost:4000
 {"metadata":{"emulator":{"name":"ui"},"message":"Web / API server started at http://localhost:4000\n"}}
[info] i  functions: Watching "C:\Users\HP\Documents\GitHub\E-Commerce-ReactJS\functions" for Cloud Functions... {"metadata":{"emulator":{"name":"functions"},"message":"Watching \"C:\\Users\\HP\\Documents\\GitHub\\E-Commerce-ReactJS\\functions\" for Cloud Functions..."}}
[debug] [2020-10-21T16:45:24.531Z] [worker-pool] addWorker(~diagnostic~) {"metadata":{"emulator":{"name":"functions"},"message":"[worker-pool] addWorker(~diagnostic~)"}}
[debug] [2020-10-21T16:45:24.531Z] [worker-pool] Adding worker with key ~diagnostic~, total=1 {"metadata":{"emulator":{"name":"functions"},"message":"[worker-pool] Adding worker with key ~diagnostic~, total=1"}}
[debug] [2020-10-21T16:45:24.531Z] [worker-pool] submitWork(triggerId=) {"metadata":{"emulator":{"name":"functions"},"message":"[worker-pool] submitWork(triggerId=)"}}
[debug] [2020-10-21T16:45:24.532Z] [worker-~diagnostic~-bc0cfe86-e1a4-46c3-ba36-60daef037812]: Assigning socketPath: \\?\pipe\C:\Users\HP\Documents\GitHub\E-Commerce-ReactJS\functions\14008 {"metadata":{"emulator":{"name":"functions"},"message":"[worker-~diagnostic~-bc0cfe86-e1a4-46c3-ba36-60daef037812]: Assigning socketPath: \\\\?\\pipe\\C:\\Users\\HP\\Documents\\GitHub\\E-Commerce-ReactJS\\functions\\14008"}}
[debug] [2020-10-21T16:45:24.533Z] [worker-~diagnostic~-bc0cfe86-e1a4-46c3-ba36-60daef037812]: BUSY {"metadata":{"emulator":{"name":"functions"},"message":"[worker-~diagnostic~-bc0cfe86-e1a4-46c3-ba36-60daef037812]: BUSY"}}
[debug] [2020-10-21T16:45:25.222Z] [runtime-status] [14008] Functions runtime initialized. {"cwd":"C:\\Users\\HP\\Documents\\GitHub\\E-Commerce-ReactJS\\functions","node_version":"12.18.1"} {"metadata":{"emulator":{"name":"functions"},"message":"[runtime-status] [14008] Functions runtime initialized. {\"cwd\":\"C:\\\\Users\\\\HP\\\\Documents\\\\GitHub\\\\E-Commerce-ReactJS\\\\functions\",\"node_version\":\"12.18.1\"}"}}
[debug] [2020-10-21T16:45:25.228Z] [runtime-status] [14008] Disabled runtime features: undefined {"metadata":{"emulator":{"name":"functions"},"message":"[runtime-status] [14008] Disabled runtime features: undefined"}}
[debug] [2020-10-21T16:45:25.236Z] [runtime-status] [14008] Resolved module firebase-admin {"declared":true,"installed":true,"version":"8.13.0","resolution":"C:\\Users\\HP\\Documents\\GitHub\\E-Commerce-ReactJS\\functions\\node_modules\\firebase-admin\\lib\\index.js"} {"metadata":{"emulator":{"name":"functions"},"message":"[runtime-status] [14008] Resolved module firebase-admin {\"declared\":true,\"installed\":true,\"version\":\"8.13.0\",\"resolution\":\"C:\\\\Users\\\\HP\\\\Documents\\\\GitHub\\\\E-Commerce-ReactJS\\\\functions\\\\node_modules\\\\firebase-admin\\\\lib\\\\index.js\"}"}}
[debug] [2020-10-21T16:45:25.238Z] [runtime-status] [14008] Resolved module firebase-functions {"declared":true,"installed":true,"version":"3.11.0","resolution":"C:\\Users\\HP\\Documents\\GitHub\\E-Commerce-ReactJS\\functions\\node_modules\\firebase-functions\\lib\\index.js"} {"metadata":{"emulator":{"name":"functions"},"message":"[runtime-status] [14008] Resolved module firebase-functions {\"declared\":true,\"installed\":true,\"version\":\"3.11.0\",\"resolution\":\"C:\\\\Users\\\\HP\\\\Documents\\\\GitHub\\\\E-Commerce-ReactJS\\\\functions\\\\node_modules\\\\firebase-functions\\\\lib\\\\index.js\"}"}}
[debug] [2020-10-21T16:45:25.240Z] [runtime-status] [14008] Resolved module firebase-functions {"declared":true,"installed":true,"version":"3.11.0","resolution":"C:\\Users\\HP\\Documents\\GitHub\\E-Commerce-ReactJS\\functions\\node_modules\\firebase-functions\\lib\\index.js"} {"metadata":{"emulator":{"name":"functions"},"message":"[runtime-status] [14008] Resolved module firebase-functions {\"declared\":true,\"installed\":true,\"version\":\"3.11.0\",\"resolution\":\"C:\\\\Users\\\\HP\\\\Documents\\\\GitHub\\\\E-Commerce-ReactJS\\\\functions\\\\node_modules\\\\firebase-functions\\\\lib\\\\index.js\"}"}}
[debug] [2020-10-21T16:45:25.242Z] [runtime-status] [14008] Outgoing network have been stubbed. [{"name":"http","status":"mocked"},{"name":"http","status":"mocked"},{"name":"https","status":"mocked"},{"name":"https","status":"mocked"},{"name":"net","status":"mocked"}] {"metadata":{"emulator":{"name":"functions"},"message":"[runtime-status] [14008] Outgoing network have been stubbed. [{\"name\":\"http\",\"status\":\"mocked\"},{\"name\":\"http\",\"status\":\"mocked\"},{\"name\":\"https\",\"status\":\"mocked\"},{\"name\":\"https\",\"status\":\"mocked\"},{\"name\":\"net\",\"status\":\"mocked\"}]"}}
[debug] [2020-10-21T16:45:25.243Z] [runtime-status] [14008] Resolved module firebase-functions {"declared":true,"installed":true,"version":"3.11.0","resolution":"C:\\Users\\HP\\Documents\\GitHub\\E-Commerce-ReactJS\\functions\\node_modules\\firebase-functions\\lib\\index.js"} {"metadata":{"emulator":{"name":"functions"},"message":"[runtime-status] [14008] Resolved module firebase-functions {\"declared\":true,\"installed\":true,\"version\":\"3.11.0\",\"resolution\":\"C:\\\\Users\\\\HP\\\\Documents\\\\GitHub\\\\E-Commerce-ReactJS\\\\functions\\\\node_modules\\\\firebase-functions\\\\lib\\\\index.js\"}"}}
[debug] [2020-10-21T16:45:25.307Z] [runtime-status] [14008] Checked functions.config() {"config":{}} {"metadata":{"emulator":{"name":"functions"},"message":"[runtime-status] [14008] Checked functions.config() {\"config\":{}}"}}
[debug] [2020-10-21T16:45:25.307Z] [runtime-status] [14008] firebase-functions has been stubbed. {"functionsResolution":{"declared":true,"installed":true,"version":"3.11.0","resolution":"C:\\Users\\HP\\Documents\\GitHub\\E-Commerce-ReactJS\\functions\\node_modules\\firebase-functions\\lib\\index.js"}} {"metadata":{"emulator":{"name":"functions"},"message":"[runtime-status] [14008] firebase-functions has been stubbed. {\"functionsResolution\":{\"declared\":true,\"installed\":true,\"version\":\"3.11.0\",\"resolution\":\"C:\\\\Users\\\\HP\\\\Documents\\\\GitHub\\\\E-Commerce-ReactJS\\\\functions\\\\node_modules\\\\firebase-functions\\\\lib\\\\index.js\"}}"}}
[debug] [2020-10-21T16:45:25.309Z] [runtime-status] [14008] Resolved module firebase-functions {"declared":true,"installed":true,"version":"3.11.0","resolution":"C:\\Users\\HP\\Documents\\GitHub\\E-Commerce-ReactJS\\functions\\node_modules\\firebase-functions\\lib\\index.js"} {"metadata":{"emulator":{"name":"functions"},"message":"[runtime-status] [14008] Resolved module firebase-functions {\"declared\":true,\"installed\":true,\"version\":\"3.11.0\",\"resolution\":\"C:\\\\Users\\\\HP\\\\Documents\\\\GitHub\\\\E-Commerce-ReactJS\\\\functions\\\\node_modules\\\\firebase-functions\\\\lib\\\\index.js\"}"}}
[debug] [2020-10-21T16:45:25.310Z] [runtime-status] [14008] Resolved module firebase-admin {"declared":true,"installed":true,"version":"8.13.0","resolution":"C:\\Users\\HP\\Documents\\GitHub\\E-Commerce-ReactJS\\functions\\node_modules\\firebase-admin\\lib\\index.js"} {"metadata":{"emulator":{"name":"functions"},"message":"[runtime-status] [14008] Resolved module firebase-admin {\"declared\":true,\"installed\":true,\"version\":\"8.13.0\",\"resolution\":\"C:\\\\Users\\\\HP\\\\Documents\\\\GitHub\\\\E-Commerce-ReactJS\\\\functions\\\\node_modules\\\\firebase-admin\\\\lib\\\\index.js\"}"}}
[debug] [2020-10-21T16:45:25.313Z] [runtime-status] [14008] Resolved module firebase-functions {"declared":true,"installed":true,"version":"3.11.0","resolution":"C:\\Users\\HP\\Documents\\GitHub\\E-Commerce-ReactJS\\functions\\node_modules\\firebase-functions\\lib\\index.js"} {"metadata":{"emulator":{"name":"functions"},"message":"[runtime-status] [14008] Resolved module firebase-functions {\"declared\":true,\"installed\":true,\"version\":\"3.11.0\",\"resolution\":\"C:\\\\Users\\\\HP\\\\Documents\\\\GitHub\\\\E-Commerce-ReactJS\\\\functions\\\\node_modules\\\\firebase-functions\\\\lib\\\\index.js\"}"}}
[debug] [2020-10-21T16:45:25.313Z] [runtime-status] [14008] firebase-admin has been stubbed. {"adminResolution":{"declared":true,"installed":true,"version":"8.13.0","resolution":"C:\\Users\\HP\\Documents\\GitHub\\E-Commerce-ReactJS\\functions\\node_modules\\firebase-admin\\lib\\index.js"}} {"metadata":{"emulator":{"name":"functions"},"message":"[runtime-status] [14008] firebase-admin has been stubbed. {\"adminResolution\":{\"declared\":true,\"installed\":true,\"version\":\"8.13.0\",\"resolution\":\"C:\\\\Users\\\\HP\\\\Documents\\\\GitHub\\\\E-Commerce-ReactJS\\\\functions\\\\node_modules\\\\firebase-admin\\\\lib\\\\index.js\"}}"}}
[info] +  functions[api]: http function initialized (http://localhost:5001/store-1fe3d/us-central1/api). {"metadata":{"emulator":{"name":"functions"},"message":"\u001b[1mhttp\u001b[22m function initialized (http://localhost:5001/store-1fe3d/us-central1/api)."}}
[info] 
┌───────────────────────────────────────────────────────────────────────┐
│ ✔  All emulators ready! View status and logs at http://localhost:4000 │
└───────────────────────────────────────────────────────────────────────┘

┌───────────┬────────────────┬─────────────────────────────────┐
│ Emulator  │ Host:Port      │ View in Emulator UI             │
├───────────┼────────────────┼─────────────────────────────────┤
│ Functions │ localhost:5001 │ http://localhost:4000/functions │
├───────────┼────────────────┼─────────────────────────────────┤
│ Hosting   │ localhost:5000 │ n/a                             │
└───────────┴────────────────┴─────────────────────────────────┘
  Other reserved ports: 4400, 4500

Issues? Report them at https://github.com/firebase/firebase-tools/issues and attach the *-debug.log files.
 
[debug] [2020-10-21T16:45:25.790Z] [worker-~diagnostic~-bc0cfe86-e1a4-46c3-ba36-60daef037812]: IDLE {"metadata":{"emulator":{"name":"functions"},"message":"[worker-~diagnostic~-bc0cfe86-e1a4-46c3-ba36-60daef037812]: IDLE"}}
[debug] [2020-10-21T16:50:59.612Z] File C:\Users\HP\Documents\GitHub\E-Commerce-ReactJS\functions\index.js changed, reloading triggers {"metadata":{"emulator":{"name":"functions"},"message":"File C:\\Users\\HP\\Documents\\GitHub\\E-Commerce-ReactJS\\functions\\index.js changed, reloading triggers"}}
[debug] [2020-10-21T16:51:00.657Z] [worker-pool] Shutting down IDLE worker (~diagnostic~) {"metadata":{"emulator":{"name":"functions"},"message":"[worker-pool] Shutting down IDLE worker (~diagnostic~)"}}
[debug] [2020-10-21T16:51:00.662Z] [worker-~diagnostic~-bc0cfe86-e1a4-46c3-ba36-60daef037812]: FINISHING {"metadata":{"emulator":{"name":"functions"},"message":"[worker-~diagnostic~-bc0cfe86-e1a4-46c3-ba36-60daef037812]: FINISHING"}}
[debug] [2020-10-21T16:51:00.687Z] [worker-pool] addWorker(~diagnostic~) {"metadata":{"emulator":{"name":"functions"},"message":"[worker-pool] addWorker(~diagnostic~)"}}
[debug] [2020-10-21T16:51:00.688Z] [worker-pool] Adding worker with key ~diagnostic~, total=2 {"metadata":{"emulator":{"name":"functions"},"message":"[worker-pool] Adding worker with key ~diagnostic~, total=2"}}
[debug] [2020-10-21T16:51:00.688Z] [worker-pool] submitWork(triggerId=) {"metadata":{"emulator":{"name":"functions"},"message":"[worker-pool] submitWork(triggerId=)"}}
[debug] [2020-10-21T16:51:00.688Z] [worker-~diagnostic~-47c47e76-6ab5-47e1-a6b7-49fd7d49e029]: Assigning socketPath: \\?\pipe\C:\Users\HP\Documents\GitHub\E-Commerce-ReactJS\functions\9884 {"metadata":{"emulator":{"name":"functions"},"message":"[worker-~diagnostic~-47c47e76-6ab5-47e1-a6b7-49fd7d49e029]: Assigning socketPath: \\\\?\\pipe\\C:\\Users\\HP\\Documents\\GitHub\\E-Commerce-ReactJS\\functions\\9884"}}
[debug] [2020-10-21T16:51:00.689Z] [worker-~diagnostic~-47c47e76-6ab5-47e1-a6b7-49fd7d49e029]: BUSY {"metadata":{"emulator":{"name":"functions"},"message":"[worker-~diagnostic~-47c47e76-6ab5-47e1-a6b7-49fd7d49e029]: BUSY"}}
[debug] [2020-10-21T16:51:00.744Z] [worker-~diagnostic~-bc0cfe86-e1a4-46c3-ba36-60daef037812]: exited {"metadata":{"emulator":{"name":"functions"},"message":"[worker-~diagnostic~-bc0cfe86-e1a4-46c3-ba36-60daef037812]: exited"}}
[debug] [2020-10-21T16:51:00.744Z] [worker-~diagnostic~-bc0cfe86-e1a4-46c3-ba36-60daef037812]: FINISHED {"metadata":{"emulator":{"name":"functions"},"message":"[worker-~diagnostic~-bc0cfe86-e1a4-46c3-ba36-60daef037812]: FINISHED"}}
[debug] [2020-10-21T16:51:01.307Z] [runtime-status] [9884] Functions runtime initialized. {"cwd":"C:\\Users\\HP\\Documents\\GitHub\\E-Commerce-ReactJS\\functions","node_version":"12.18.1"} {"metadata":{"emulator":{"name":"functions"},"message":"[runtime-status] [9884] Functions runtime initialized. {\"cwd\":\"C:\\\\Users\\\\HP\\\\Documents\\\\GitHub\\\\E-Commerce-ReactJS\\\\functions\",\"node_version\":\"12.18.1\"}"}}
[debug] [2020-10-21T16:51:01.313Z] [runtime-status] [9884] Disabled runtime features: undefined {"metadata":{"emulator":{"name":"functions"},"message":"[runtime-status] [9884] Disabled runtime features: undefined"}}
[debug] [2020-10-21T16:51:01.317Z] [runtime-status] [9884] Resolved module firebase-admin {"declared":true,"installed":true,"version":"8.13.0","resolution":"C:\\Users\\HP\\Documents\\GitHub\\E-Commerce-ReactJS\\functions\\node_modules\\firebase-admin\\lib\\index.js"} {"metadata":{"emulator":{"name":"functions"},"message":"[runtime-status] [9884] Resolved module firebase-admin {\"declared\":true,\"installed\":true,\"version\":\"8.13.0\",\"resolution\":\"C:\\\\Users\\\\HP\\\\Documents\\\\GitHub\\\\E-Commerce-ReactJS\\\\functions\\\\node_modules\\\\firebase-admin\\\\lib\\\\index.js\"}"}}
[debug] [2020-10-21T16:51:01.322Z] [runtime-status] [9884] Resolved module firebase-functions {"declared":true,"installed":true,"version":"3.11.0","resolution":"C:\\Users\\HP\\Documents\\GitHub\\E-Commerce-ReactJS\\functions\\node_modules\\firebase-functions\\lib\\index.js"} {"metadata":{"emulator":{"name":"functions"},"message":"[runtime-status] [9884] Resolved module firebase-functions {\"declared\":true,\"installed\":true,\"version\":\"3.11.0\",\"resolution\":\"C:\\\\Users\\\\HP\\\\Documents\\\\GitHub\\\\E-Commerce-ReactJS\\\\functions\\\\node_modules\\\\firebase-functions\\\\lib\\\\index.js\"}"}}
[debug] [2020-10-21T16:51:01.323Z] [runtime-status] [9884] Resolved module firebase-functions {"declared":true,"installed":true,"version":"3.11.0","resolution":"C:\\Users\\HP\\Documents\\GitHub\\E-Commerce-ReactJS\\functions\\node_modules\\firebase-functions\\lib\\index.js"} {"metadata":{"emulator":{"name":"functions"},"message":"[runtime-status] [9884] Resolved module firebase-functions {\"declared\":true,\"installed\":true,\"version\":\"3.11.0\",\"resolution\":\"C:\\\\Users\\\\HP\\\\Documents\\\\GitHub\\\\E-Commerce-ReactJS\\\\functions\\\\node_modules\\\\firebase-functions\\\\lib\\\\index.js\"}"}}
[debug] [2020-10-21T16:51:01.325Z] [runtime-status] [9884] Outgoing network have been stubbed. [{"name":"http","status":"mocked"},{"name":"http","status":"mocked"},{"name":"https","status":"mocked"},{"name":"https","status":"mocked"},{"name":"net","status":"mocked"}] {"metadata":{"emulator":{"name":"functions"},"message":"[runtime-status] [9884] Outgoing network have been stubbed. [{\"name\":\"http\",\"status\":\"mocked\"},{\"name\":\"http\",\"status\":\"mocked\"},{\"name\":\"https\",\"status\":\"mocked\"},{\"name\":\"https\",\"status\":\"mocked\"},{\"name\":\"net\",\"status\":\"mocked\"}]"}}
[debug] [2020-10-21T16:51:01.326Z] [runtime-status] [9884] Resolved module firebase-functions {"declared":true,"installed":true,"version":"3.11.0","resolution":"C:\\Users\\HP\\Documents\\GitHub\\E-Commerce-ReactJS\\functions\\node_modules\\firebase-functions\\lib\\index.js"} {"metadata":{"emulator":{"name":"functions"},"message":"[runtime-status] [9884] Resolved module firebase-functions {\"declared\":true,\"installed\":true,\"version\":\"3.11.0\",\"resolution\":\"C:\\\\Users\\\\HP\\\\Documents\\\\GitHub\\\\E-Commerce-ReactJS\\\\functions\\\\node_modules\\\\firebase-functions\\\\lib\\\\index.js\"}"}}
[debug] [2020-10-21T16:51:01.378Z] [runtime-status] [9884] Checked functions.config() {"config":{}} {"metadata":{"emulator":{"name":"functions"},"message":"[runtime-status] [9884] Checked functions.config() {\"config\":{}}"}}
[debug] [2020-10-21T16:51:01.378Z] [runtime-status] [9884] firebase-functions has been stubbed. {"functionsResolution":{"declared":true,"installed":true,"version":"3.11.0","resolution":"C:\\Users\\HP\\Documents\\GitHub\\E-Commerce-ReactJS\\functions\\node_modules\\firebase-functions\\lib\\index.js"}} {"metadata":{"emulator":{"name":"functions"},"message":"[runtime-status] [9884] firebase-functions has been stubbed. {\"functionsResolution\":{\"declared\":true,\"installed\":true,\"version\":\"3.11.0\",\"resolution\":\"C:\\\\Users\\\\HP\\\\Documents\\\\GitHub\\\\E-Commerce-ReactJS\\\\functions\\\\node_modules\\\\firebase-functions\\\\lib\\\\index.js\"}}"}}
[debug] [2020-10-21T16:51:01.379Z] [runtime-status] [9884] Resolved module firebase-functions {"declared":true,"installed":true,"version":"3.11.0","resolution":"C:\\Users\\HP\\Documents\\GitHub\\E-Commerce-ReactJS\\functions\\node_modules\\firebase-functions\\lib\\index.js"} {"metadata":{"emulator":{"name":"functions"},"message":"[runtime-status] [9884] Resolved module firebase-functions {\"declared\":true,\"installed\":true,\"version\":\"3.11.0\",\"resolution\":\"C:\\\\Users\\\\HP\\\\Documents\\\\GitHub\\\\E-Commerce-ReactJS\\\\functions\\\\node_modules\\\\firebase-functions\\\\lib\\\\index.js\"}"}}
[debug] [2020-10-21T16:51:01.380Z] [runtime-status] [9884] Resolved module firebase-admin {"declared":true,"installed":true,"version":"8.13.0","resolution":"C:\\Users\\HP\\Documents\\GitHub\\E-Commerce-ReactJS\\functions\\node_modules\\firebase-admin\\lib\\index.js"} {"metadata":{"emulator":{"name":"functions"},"message":"[runtime-status] [9884] Resolved module firebase-admin {\"declared\":true,\"installed\":true,\"version\":\"8.13.0\",\"resolution\":\"C:\\\\Users\\\\HP\\\\Documents\\\\GitHub\\\\E-Commerce-ReactJS\\\\functions\\\\node_modules\\\\firebase-admin\\\\lib\\\\index.js\"}"}}
[debug] [2020-10-21T16:51:01.382Z] [runtime-status] [9884] Resolved module firebase-functions {"declared":true,"installed":true,"version":"3.11.0","resolution":"C:\\Users\\HP\\Documents\\GitHub\\E-Commerce-ReactJS\\functions\\node_modules\\firebase-functions\\lib\\index.js"} {"metadata":{"emulator":{"name":"functions"},"message":"[runtime-status] [9884] Resolved module firebase-functions {\"declared\":true,\"installed\":true,\"version\":\"3.11.0\",\"resolution\":\"C:\\\\Users\\\\HP\\\\Documents\\\\GitHub\\\\E-Commerce-ReactJS\\\\functions\\\\node_modules\\\\firebase-functions\\\\lib\\\\index.js\"}"}}
[debug] [2020-10-21T16:51:01.382Z] [runtime-status] [9884] firebase-admin has been stubbed. {"adminResolution":{"declared":true,"installed":true,"version":"8.13.0","resolution":"C:\\Users\\HP\\Documents\\GitHub\\E-Commerce-ReactJS\\functions\\node_modules\\firebase-admin\\lib\\index.js"}} {"metadata":{"emulator":{"name":"functions"},"message":"[runtime-status] [9884] firebase-admin has been stubbed. {\"adminResolution\":{\"declared\":true,\"installed\":true,\"version\":\"8.13.0\",\"resolution\":\"C:\\\\Users\\\\HP\\\\Documents\\\\GitHub\\\\E-Commerce-ReactJS\\\\functions\\\\node_modules\\\\firebase-admin\\\\lib\\\\index.js\"}}"}}
[debug] [2020-10-21T16:51:01.650Z] [worker-~diagnostic~-47c47e76-6ab5-47e1-a6b7-49fd7d49e029]: IDLE {"metadata":{"emulator":{"name":"functions"},"message":"[worker-~diagnostic~-47c47e76-6ab5-47e1-a6b7-49fd7d49e029]: IDLE"}}
[debug] [2020-10-21T16:51:37.501Z] [work-queue] {"queueLength":1,"workRunningCount":0}
[debug] [2020-10-21T16:51:37.503Z] [work-queue] {"queueLength":0,"workRunningCount":1}
[debug] [2020-10-21T16:51:37.504Z] Accepted request GET /store-1fe3d/us-central1/api --> api
[debug] [2020-10-21T16:51:37.505Z] [worker-pool] Cleaned up workers for ~diagnostic~: 2 --> 1 {"metadata":{"emulator":{"name":"functions"},"message":"[worker-pool] Cleaned up workers for ~diagnostic~: 2 --> 1"}}
[debug] [2020-10-21T16:51:37.517Z] [worker-pool] addWorker(api) {"metadata":{"emulator":{"name":"functions"},"message":"[worker-pool] addWorker(api)"}}
[debug] [2020-10-21T16:51:37.517Z] [worker-pool] Adding worker with key api, total=1 {"metadata":{"emulator":{"name":"functions"},"message":"[worker-pool] Adding worker with key api, total=1"}}
[debug] [2020-10-21T16:51:37.518Z] [worker-pool] submitWork(triggerId=api) {"metadata":{"emulator":{"name":"functions"},"message":"[worker-pool] submitWork(triggerId=api)"}}
[debug] [2020-10-21T16:51:37.518Z] [worker-api-c4ebf4bb-deda-4d95-9718-18aaa05c00d5]: Assigning socketPath: \\?\pipe\C:\Users\HP\Documents\GitHub\E-Commerce-ReactJS\functions\1128 {"metadata":{"emulator":{"name":"functions"},"message":"[worker-api-c4ebf4bb-deda-4d95-9718-18aaa05c00d5]: Assigning socketPath: \\\\?\\pipe\\C:\\Users\\HP\\Documents\\GitHub\\E-Commerce-ReactJS\\functions\\1128"}}
[debug] [2020-10-21T16:51:37.518Z] [worker-api-c4ebf4bb-deda-4d95-9718-18aaa05c00d5]: BUSY {"metadata":{"emulator":{"name":"functions"},"message":"[worker-api-c4ebf4bb-deda-4d95-9718-18aaa05c00d5]: BUSY"}}
[debug] [2020-10-21T16:51:38.120Z] [runtime-status] [1128] Functions runtime initialized. {"cwd":"C:\\Users\\HP\\Documents\\GitHub\\E-Commerce-ReactJS\\functions","node_version":"12.18.1"} {"metadata":{"emulator":{"name":"functions"},"function":{"name":"api"},"message":"[runtime-status] [1128] Functions runtime initialized. {\"cwd\":\"C:\\\\Users\\\\HP\\\\Documents\\\\GitHub\\\\E-Commerce-ReactJS\\\\functions\",\"node_version\":\"12.18.1\"}"}}
[debug] [2020-10-21T16:51:38.127Z] [runtime-status] [1128] Disabled runtime features: undefined {"metadata":{"emulator":{"name":"functions"},"function":{"name":"api"},"message":"[runtime-status] [1128] Disabled runtime features: undefined"}}
[debug] [2020-10-21T16:51:38.130Z] [runtime-status] [1128] Resolved module firebase-admin {"declared":true,"installed":true,"version":"8.13.0","resolution":"C:\\Users\\HP\\Documents\\GitHub\\E-Commerce-ReactJS\\functions\\node_modules\\firebase-admin\\lib\\index.js"} {"metadata":{"emulator":{"name":"functions"},"function":{"name":"api"},"message":"[runtime-status] [1128] Resolved module firebase-admin {\"declared\":true,\"installed\":true,\"version\":\"8.13.0\",\"resolution\":\"C:\\\\Users\\\\HP\\\\Documents\\\\GitHub\\\\E-Commerce-ReactJS\\\\functions\\\\node_modules\\\\firebase-admin\\\\lib\\\\index.js\"}"}}
[debug] [2020-10-21T16:51:38.135Z] [runtime-status] [1128] Resolved module firebase-functions {"declared":true,"installed":true,"version":"3.11.0","resolution":"C:\\Users\\HP\\Documents\\GitHub\\E-Commerce-ReactJS\\functions\\node_modules\\firebase-functions\\lib\\index.js"} {"metadata":{"emulator":{"name":"functions"},"function":{"name":"api"},"message":"[runtime-status] [1128] Resolved module firebase-functions {\"declared\":true,\"installed\":true,\"version\":\"3.11.0\",\"resolution\":\"C:\\\\Users\\\\HP\\\\Documents\\\\GitHub\\\\E-Commerce-ReactJS\\\\functions\\\\node_modules\\\\firebase-functions\\\\lib\\\\index.js\"}"}}
[debug] [2020-10-21T16:51:38.137Z] [runtime-status] [1128] Resolved module firebase-functions {"declared":true,"installed":true,"version":"3.11.0","resolution":"C:\\Users\\HP\\Documents\\GitHub\\E-Commerce-ReactJS\\functions\\node_modules\\firebase-functions\\lib\\index.js"} {"metadata":{"emulator":{"name":"functions"},"function":{"name":"api"},"message":"[runtime-status] [1128] Resolved module firebase-functions {\"declared\":true,\"installed\":true,\"version\":\"3.11.0\",\"resolution\":\"C:\\\\Users\\\\HP\\\\Documents\\\\GitHub\\\\E-Commerce-ReactJS\\\\functions\\\\node_modules\\\\firebase-functions\\\\lib\\\\index.js\"}"}}
[debug] [2020-10-21T16:51:38.139Z] [runtime-status] [1128] Outgoing network have been stubbed. [{"name":"http","status":"mocked"},{"name":"http","status":"mocked"},{"name":"https","status":"mocked"},{"name":"https","status":"mocked"},{"name":"net","status":"mocked"}] {"metadata":{"emulator":{"name":"functions"},"function":{"name":"api"},"message":"[runtime-status] [1128] Outgoing network have been stubbed. [{\"name\":\"http\",\"status\":\"mocked\"},{\"name\":\"http\",\"status\":\"mocked\"},{\"name\":\"https\",\"status\":\"mocked\"},{\"name\":\"https\",\"status\":\"mocked\"},{\"name\":\"net\",\"status\":\"mocked\"}]"}}
[debug] [2020-10-21T16:51:38.139Z] [runtime-status] [1128] Resolved module firebase-functions {"declared":true,"installed":true,"version":"3.11.0","resolution":"C:\\Users\\HP\\Documents\\GitHub\\E-Commerce-ReactJS\\functions\\node_modules\\firebase-functions\\lib\\index.js"} {"metadata":{"emulator":{"name":"functions"},"function":{"name":"api"},"message":"[runtime-status] [1128] Resolved module firebase-functions {\"declared\":true,\"installed\":true,\"version\":\"3.11.0\",\"resolution\":\"C:\\\\Users\\\\HP\\\\Documents\\\\GitHub\\\\E-Commerce-ReactJS\\\\functions\\\\node_modules\\\\firebase-functions\\\\lib\\\\index.js\"}"}}
[debug] [2020-10-21T16:51:38.194Z] [runtime-status] [1128] Checked functions.config() {"config":{}} {"metadata":{"emulator":{"name":"functions"},"function":{"name":"api"},"message":"[runtime-status] [1128] Checked functions.config() {\"config\":{}}"}}
[debug] [2020-10-21T16:51:38.194Z] [runtime-status] [1128] firebase-functions has been stubbed. {"functionsResolution":{"declared":true,"installed":true,"version":"3.11.0","resolution":"C:\\Users\\HP\\Documents\\GitHub\\E-Commerce-ReactJS\\functions\\node_modules\\firebase-functions\\lib\\index.js"}} {"metadata":{"emulator":{"name":"functions"},"function":{"name":"api"},"message":"[runtime-status] [1128] firebase-functions has been stubbed. {\"functionsResolution\":{\"declared\":true,\"installed\":true,\"version\":\"3.11.0\",\"resolution\":\"C:\\\\Users\\\\HP\\\\Documents\\\\GitHub\\\\E-Commerce-ReactJS\\\\functions\\\\node_modules\\\\firebase-functions\\\\lib\\\\index.js\"}}"}}
[debug] [2020-10-21T16:51:38.195Z] [runtime-status] [1128] Resolved module firebase-functions {"declared":true,"installed":true,"version":"3.11.0","resolution":"C:\\Users\\HP\\Documents\\GitHub\\E-Commerce-ReactJS\\functions\\node_modules\\firebase-functions\\lib\\index.js"} {"metadata":{"emulator":{"name":"functions"},"function":{"name":"api"},"message":"[runtime-status] [1128] Resolved module firebase-functions {\"declared\":true,\"installed\":true,\"version\":\"3.11.0\",\"resolution\":\"C:\\\\Users\\\\HP\\\\Documents\\\\GitHub\\\\E-Commerce-ReactJS\\\\functions\\\\node_modules\\\\firebase-functions\\\\lib\\\\index.js\"}"}}
[debug] [2020-10-21T16:51:38.197Z] [runtime-status] [1128] Resolved module firebase-admin {"declared":true,"installed":true,"version":"8.13.0","resolution":"C:\\Users\\HP\\Documents\\GitHub\\E-Commerce-ReactJS\\functions\\node_modules\\firebase-admin\\lib\\index.js"} {"metadata":{"emulator":{"name":"functions"},"function":{"name":"api"},"message":"[runtime-status] [1128] Resolved module firebase-admin {\"declared\":true,\"installed\":true,\"version\":\"8.13.0\",\"resolution\":\"C:\\\\Users\\\\HP\\\\Documents\\\\GitHub\\\\E-Commerce-ReactJS\\\\functions\\\\node_modules\\\\firebase-admin\\\\lib\\\\index.js\"}"}}
[debug] [2020-10-21T16:51:38.198Z] [runtime-status] [1128] Resolved module firebase-functions {"declared":true,"installed":true,"version":"3.11.0","resolution":"C:\\Users\\HP\\Documents\\GitHub\\E-Commerce-ReactJS\\functions\\node_modules\\firebase-functions\\lib\\index.js"} {"metadata":{"emulator":{"name":"functions"},"function":{"name":"api"},"message":"[runtime-status] [1128] Resolved module firebase-functions {\"declared\":true,\"installed\":true,\"version\":\"3.11.0\",\"resolution\":\"C:\\\\Users\\\\HP\\\\Documents\\\\GitHub\\\\E-Commerce-ReactJS\\\\functions\\\\node_modules\\\\firebase-functions\\\\lib\\\\index.js\"}"}}
[debug] [2020-10-21T16:51:38.198Z] [runtime-status] [1128] firebase-admin has been stubbed. {"adminResolution":{"declared":true,"installed":true,"version":"8.13.0","resolution":"C:\\Users\\HP\\Documents\\GitHub\\E-Commerce-ReactJS\\functions\\node_modules\\firebase-admin\\lib\\index.js"}} {"metadata":{"emulator":{"name":"functions"},"function":{"name":"api"},"message":"[runtime-status] [1128] firebase-admin has been stubbed. {\"adminResolution\":{\"declared\":true,\"installed\":true,\"version\":\"8.13.0\",\"resolution\":\"C:\\\\Users\\\\HP\\\\Documents\\\\GitHub\\\\E-Commerce-ReactJS\\\\functions\\\\node_modules\\\\firebase-admin\\\\lib\\\\index.js\"}}"}}
[debug] [2020-10-21T16:51:38.412Z] [runtime-status] [1128] Trigger "api" has been found, beginning invocation! {"metadata":{"emulator":{"name":"functions"},"function":{"name":"api"},"message":"[runtime-status] [1128] Trigger \"api\" has been found, beginning invocation!"}}
[info] i  functions: Beginning execution of "api" {"metadata":{"emulator":{"name":"functions"},"function":{"name":"api"},"message":"Beginning execution of \"api\""}}
[debug] [2020-10-21T16:51:38.414Z] [runtime-status] [1128] triggerDefinition {"httpsTrigger":{},"name":"api","entryPoint":"api"} {"metadata":{"emulator":{"name":"functions"},"function":{"name":"api"},"message":"[runtime-status] [1128] triggerDefinition {\"httpsTrigger\":{},\"name\":\"api\",\"entryPoint\":\"api\"}"}}
[debug] [2020-10-21T16:51:38.415Z] [runtime-status] [1128] Running api in mode HTTPS {"metadata":{"emulator":{"name":"functions"},"function":{"name":"api"},"message":"[runtime-status] [1128] Running api in mode HTTPS"}}
[debug] [2020-10-21T16:51:38.419Z] [runtime-status] [1128] Attempting to listen to socketPath: \\?\pipe\C:\Users\HP\Documents\GitHub\E-Commerce-ReactJS\functions\1128 {"metadata":{"emulator":{"name":"functions"},"function":{"name":"api"},"message":"[runtime-status] [1128] Attempting to listen to socketPath: \\\\?\\pipe\\C:\\Users\\HP\\Documents\\GitHub\\E-Commerce-ReactJS\\functions\\1128"}}
[debug] [2020-10-21T16:51:38.423Z] [functions] Runtime ready! Sending request! {"metadata":{"emulator":{"name":"functions"},"message":"[functions] Runtime ready! Sending request!"}}
[debug] [2020-10-21T16:51:38.432Z] [runtime-status] [1128] Ephemeral server handling GET request {"metadata":{"emulator":{"name":"functions"},"function":{"name":"api"},"message":"[runtime-status] [1128] Ephemeral server handling GET request"}}
[debug] [2020-10-21T16:51:38.449Z] [runtime-status] [1128] Ephemeral server survived. {"metadata":{"emulator":{"name":"functions"},"function":{"name":"api"},"message":"[runtime-status] [1128] Ephemeral server survived."}}
[info] i  functions: Finished "api" in ~1s {"metadata":{"emulator":{"name":"functions"},"function":{"name":"api"},"message":"Finished \"api\" in ~1s"}}
[debug] [2020-10-21T16:51:38.453Z] [worker-api-c4ebf4bb-deda-4d95-9718-18aaa05c00d5]: IDLE {"metadata":{"emulator":{"name":"functions"},"message":"[worker-api-c4ebf4bb-deda-4d95-9718-18aaa05c00d5]: IDLE"}}
[debug] [2020-10-21T16:51:38.454Z] [work-queue] {"queueLength":0,"workRunningCount":0}
[debug] [2020-10-21T16:51:38.641Z] Functions emulator received unknown request at path /favicon.ico
[debug] [2020-10-21T17:01:45.228Z] File C:\Users\HP\Documents\GitHub\E-Commerce-ReactJS\functions\index.js changed, reloading triggers {"metadata":{"emulator":{"name":"functions"},"message":"File C:\\Users\\HP\\Documents\\GitHub\\E-Commerce-ReactJS\\functions\\index.js changed, reloading triggers"}}
[debug] [2020-10-21T17:01:46.229Z] [worker-pool] Shutting down IDLE worker (~diagnostic~) {"metadata":{"emulator":{"name":"functions"},"message":"[worker-pool] Shutting down IDLE worker (~diagnostic~)"}}
[debug] [2020-10-21T17:01:46.230Z] [worker-~diagnostic~-47c47e76-6ab5-47e1-a6b7-49fd7d49e029]: FINISHING {"metadata":{"emulator":{"name":"functions"},"message":"[worker-~diagnostic~-47c47e76-6ab5-47e1-a6b7-49fd7d49e029]: FINISHING"}}
[debug] [2020-10-21T17:01:46.231Z] [worker-pool] Shutting down IDLE worker (api) {"metadata":{"emulator":{"name":"functions"},"message":"[worker-pool] Shutting down IDLE worker (api)"}}
[debug] [2020-10-21T17:01:46.232Z] [worker-api-c4ebf4bb-deda-4d95-9718-18aaa05c00d5]: FINISHING {"metadata":{"emulator":{"name":"functions"},"message":"[worker-api-c4ebf4bb-deda-4d95-9718-18aaa05c00d5]: FINISHING"}}
[debug] [2020-10-21T17:01:46.253Z] [worker-pool] addWorker(~diagnostic~) {"metadata":{"emulator":{"name":"functions"},"message":"[worker-pool] addWorker(~diagnostic~)"}}
[debug] [2020-10-21T17:01:46.254Z] [worker-pool] Adding worker with key ~diagnostic~, total=2 {"metadata":{"emulator":{"name":"functions"},"message":"[worker-pool] Adding worker with key ~diagnostic~, total=2"}}
[debug] [2020-10-21T17:01:46.254Z] [worker-pool] submitWork(triggerId=) {"metadata":{"emulator":{"name":"functions"},"message":"[worker-pool] submitWork(triggerId=)"}}
[debug] [2020-10-21T17:01:46.255Z] [worker-~diagnostic~-773334f6-9baa-451d-a7a0-7caff52927d0]: Assigning socketPath: \\?\pipe\C:\Users\HP\Documents\GitHub\E-Commerce-ReactJS\functions\9780 {"metadata":{"emulator":{"name":"functions"},"message":"[worker-~diagnostic~-773334f6-9baa-451d-a7a0-7caff52927d0]: Assigning socketPath: \\\\?\\pipe\\C:\\Users\\HP\\Documents\\GitHub\\E-Commerce-ReactJS\\functions\\9780"}}
[debug] [2020-10-21T17:01:46.255Z] [worker-~diagnostic~-773334f6-9baa-451d-a7a0-7caff52927d0]: BUSY {"metadata":{"emulator":{"name":"functions"},"message":"[worker-~diagnostic~-773334f6-9baa-451d-a7a0-7caff52927d0]: BUSY"}}
[debug] [2020-10-21T17:01:46.263Z] [worker-api-c4ebf4bb-deda-4d95-9718-18aaa05c00d5]: exited {"metadata":{"emulator":{"name":"functions"},"message":"[worker-api-c4ebf4bb-deda-4d95-9718-18aaa05c00d5]: exited"}}
[debug] [2020-10-21T17:01:46.264Z] [worker-api-c4ebf4bb-deda-4d95-9718-18aaa05c00d5]: FINISHED {"metadata":{"emulator":{"name":"functions"},"message":"[worker-api-c4ebf4bb-deda-4d95-9718-18aaa05c00d5]: FINISHED"}}
[debug] [2020-10-21T17:01:46.271Z] [worker-~diagnostic~-47c47e76-6ab5-47e1-a6b7-49fd7d49e029]: exited {"metadata":{"emulator":{"name":"functions"},"message":"[worker-~diagnostic~-47c47e76-6ab5-47e1-a6b7-49fd7d49e029]: exited"}}
[debug] [2020-10-21T17:01:46.271Z] [worker-~diagnostic~-47c47e76-6ab5-47e1-a6b7-49fd7d49e029]: FINISHED {"metadata":{"emulator":{"name":"functions"},"message":"[worker-~diagnostic~-47c47e76-6ab5-47e1-a6b7-49fd7d49e029]: FINISHED"}}
[debug] [2020-10-21T17:01:46.931Z] [runtime-status] [9780] Functions runtime initialized. {"cwd":"C:\\Users\\HP\\Documents\\GitHub\\E-Commerce-ReactJS\\functions","node_version":"12.18.1"} {"metadata":{"emulator":{"name":"functions"},"message":"[runtime-status] [9780] Functions runtime initialized. {\"cwd\":\"C:\\\\Users\\\\HP\\\\Documents\\\\GitHub\\\\E-Commerce-ReactJS\\\\functions\",\"node_version\":\"12.18.1\"}"}}
[debug] [2020-10-21T17:01:46.937Z] [runtime-status] [9780] Disabled runtime features: undefined {"metadata":{"emulator":{"name":"functions"},"message":"[runtime-status] [9780] Disabled runtime features: undefined"}}
[debug] [2020-10-21T17:01:46.947Z] [runtime-status] [9780] Resolved module firebase-admin {"declared":true,"installed":true,"version":"8.13.0","resolution":"C:\\Users\\HP\\Documents\\GitHub\\E-Commerce-ReactJS\\functions\\node_modules\\firebase-admin\\lib\\index.js"} {"metadata":{"emulator":{"name":"functions"},"message":"[runtime-status] [9780] Resolved module firebase-admin {\"declared\":true,\"installed\":true,\"version\":\"8.13.0\",\"resolution\":\"C:\\\\Users\\\\HP\\\\Documents\\\\GitHub\\\\E-Commerce-ReactJS\\\\functions\\\\node_modules\\\\firebase-admin\\\\lib\\\\index.js\"}"}}
[debug] [2020-10-21T17:01:46.947Z] [runtime-status] [9780] Resolved module firebase-functions {"declared":true,"installed":true,"version":"3.11.0","resolution":"C:\\Users\\HP\\Documents\\GitHub\\E-Commerce-ReactJS\\functions\\node_modules\\firebase-functions\\lib\\index.js"} {"metadata":{"emulator":{"name":"functions"},"message":"[runtime-status] [9780] Resolved module firebase-functions {\"declared\":true,\"installed\":true,\"version\":\"3.11.0\",\"resolution\":\"C:\\\\Users\\\\HP\\\\Documents\\\\GitHub\\\\E-Commerce-ReactJS\\\\functions\\\\node_modules\\\\firebase-functions\\\\lib\\\\index.js\"}"}}
[debug] [2020-10-21T17:01:46.948Z] [runtime-status] [9780] Resolved module firebase-functions {"declared":true,"installed":true,"version":"3.11.0","resolution":"C:\\Users\\HP\\Documents\\GitHub\\E-Commerce-ReactJS\\functions\\node_modules\\firebase-functions\\lib\\index.js"} {"metadata":{"emulator":{"name":"functions"},"message":"[runtime-status] [9780] Resolved module firebase-functions {\"declared\":true,\"installed\":true,\"version\":\"3.11.0\",\"resolution\":\"C:\\\\Users\\\\HP\\\\Documents\\\\GitHub\\\\E-Commerce-ReactJS\\\\functions\\\\node_modules\\\\firebase-functions\\\\lib\\\\index.js\"}"}}
[debug] [2020-10-21T17:01:46.950Z] [runtime-status] [9780] Outgoing network have been stubbed. [{"name":"http","status":"mocked"},{"name":"http","status":"mocked"},{"name":"https","status":"mocked"},{"name":"https","status":"mocked"},{"name":"net","status":"mocked"}] {"metadata":{"emulator":{"name":"functions"},"message":"[runtime-status] [9780] Outgoing network have been stubbed. [{\"name\":\"http\",\"status\":\"mocked\"},{\"name\":\"http\",\"status\":\"mocked\"},{\"name\":\"https\",\"status\":\"mocked\"},{\"name\":\"https\",\"status\":\"mocked\"},{\"name\":\"net\",\"status\":\"mocked\"}]"}}
[debug] [2020-10-21T17:01:46.951Z] [runtime-status] [9780] Resolved module firebase-functions {"declared":true,"installed":true,"version":"3.11.0","resolution":"C:\\Users\\HP\\Documents\\GitHub\\E-Commerce-ReactJS\\functions\\node_modules\\firebase-functions\\lib\\index.js"} {"metadata":{"emulator":{"name":"functions"},"message":"[runtime-status] [9780] Resolved module firebase-functions {\"declared\":true,\"installed\":true,\"version\":\"3.11.0\",\"resolution\":\"C:\\\\Users\\\\HP\\\\Documents\\\\GitHub\\\\E-Commerce-ReactJS\\\\functions\\\\node_modules\\\\firebase-functions\\\\lib\\\\index.js\"}"}}
[debug] [2020-10-21T17:01:47.000Z] [runtime-status] [9780] Checked functions.config() {"config":{}} {"metadata":{"emulator":{"name":"functions"},"message":"[runtime-status] [9780] Checked functions.config() {\"config\":{}}"}}
[debug] [2020-10-21T17:01:47.000Z] [runtime-status] [9780] firebase-functions has been stubbed. {"functionsResolution":{"declared":true,"installed":true,"version":"3.11.0","resolution":"C:\\Users\\HP\\Documents\\GitHub\\E-Commerce-ReactJS\\functions\\node_modules\\firebase-functions\\lib\\index.js"}} {"metadata":{"emulator":{"name":"functions"},"message":"[runtime-status] [9780] firebase-functions has been stubbed. {\"functionsResolution\":{\"declared\":true,\"installed\":true,\"version\":\"3.11.0\",\"resolution\":\"C:\\\\Users\\\\HP\\\\Documents\\\\GitHub\\\\E-Commerce-ReactJS\\\\functions\\\\node_modules\\\\firebase-functions\\\\lib\\\\index.js\"}}"}}
[debug] [2020-10-21T17:01:47.001Z] [runtime-status] [9780] Resolved module firebase-functions {"declared":true,"installed":true,"version":"3.11.0","resolution":"C:\\Users\\HP\\Documents\\GitHub\\E-Commerce-ReactJS\\functions\\node_modules\\firebase-functions\\lib\\index.js"} {"metadata":{"emulator":{"name":"functions"},"message":"[runtime-status] [9780] Resolved module firebase-functions {\"declared\":true,\"installed\":true,\"version\":\"3.11.0\",\"resolution\":\"C:\\\\Users\\\\HP\\\\Documents\\\\GitHub\\\\E-Commerce-ReactJS\\\\functions\\\\node_modules\\\\firebase-functions\\\\lib\\\\index.js\"}"}}
[debug] [2020-10-21T17:01:47.002Z] [runtime-status] [9780] Resolved module firebase-admin {"declared":true,"installed":true,"version":"8.13.0","resolution":"C:\\Users\\HP\\Documents\\GitHub\\E-Commerce-ReactJS\\functions\\node_modules\\firebase-admin\\lib\\index.js"} {"metadata":{"emulator":{"name":"functions"},"message":"[runtime-status] [9780] Resolved module firebase-admin {\"declared\":true,\"installed\":true,\"version\":\"8.13.0\",\"resolution\":\"C:\\\\Users\\\\HP\\\\Documents\\\\GitHub\\\\E-Commerce-ReactJS\\\\functions\\\\node_modules\\\\firebase-admin\\\\lib\\\\index.js\"}"}}
[debug] [2020-10-21T17:01:47.003Z] [runtime-status] [9780] Resolved module firebase-functions {"declared":true,"installed":true,"version":"3.11.0","resolution":"C:\\Users\\HP\\Documents\\GitHub\\E-Commerce-ReactJS\\functions\\node_modules\\firebase-functions\\lib\\index.js"} {"metadata":{"emulator":{"name":"functions"},"message":"[runtime-status] [9780] Resolved module firebase-functions {\"declared\":true,\"installed\":true,\"version\":\"3.11.0\",\"resolution\":\"C:\\\\Users\\\\HP\\\\Documents\\\\GitHub\\\\E-Commerce-ReactJS\\\\functions\\\\node_modules\\\\firebase-functions\\\\lib\\\\index.js\"}"}}
[debug] [2020-10-21T17:01:47.004Z] [runtime-status] [9780] firebase-admin has been stubbed. {"adminResolution":{"declared":true,"installed":true,"version":"8.13.0","resolution":"C:\\Users\\HP\\Documents\\GitHub\\E-Commerce-ReactJS\\functions\\node_modules\\firebase-admin\\lib\\index.js"}} {"metadata":{"emulator":{"name":"functions"},"message":"[runtime-status] [9780] firebase-admin has been stubbed. {\"adminResolution\":{\"declared\":true,\"installed\":true,\"version\":\"8.13.0\",\"resolution\":\"C:\\\\Users\\\\HP\\\\Documents\\\\GitHub\\\\E-Commerce-ReactJS\\\\functions\\\\node_modules\\\\firebase-admin\\\\lib\\\\index.js\"}}"}}
[warn] !  C:\Users\HP\Documents\GitHub\E-Commerce-ReactJS\functions\index.js:29
        clientSecret.paymentIntent.client_secret
                    ^

SyntaxError: Unexpected token '.'
    at wrapSafe (internal/modules/cjs/loader.js:1054:16)
    at Module._compile (internal/modules/cjs/loader.js:1102:27)
    at Object.Module._extensions..js (internal/modules/cjs/loader.js:1158:10)
    at Module.load (internal/modules/cjs/loader.js:986:32)
    at Function.Module._load (internal/modules/cjs/loader.js:879:14)
    at Module.require (internal/modules/cjs/loader.js:1026:19)
    at require (internal/modules/cjs/helpers.js:72:18)
    at C:\Users\HP\AppData\Roaming\npm\node_modules\firebase-tools\lib\emulator\functionsEmulatorRuntime.js:681:33
    at Generator.next (<anonymous>)
    at fulfilled (C:\Users\HP\AppData\Roaming\npm\node_modules\firebase-tools\lib\emulator\functionsEmulatorRuntime.js:5:58) {"metadata":{"emulator":{"name":"functions"},"message":"C:\\Users\\HP\\Documents\\GitHub\\E-Commerce-ReactJS\\functions\\index.js:29\n        clientSecret.paymentIntent.client_secret\n                    ^\n\nSyntaxError: Unexpected token '.'\n    at wrapSafe (internal/modules/cjs/loader.js:1054:16)\n    at Module._compile (internal/modules/cjs/loader.js:1102:27)\n    at Object.Module._extensions..js (internal/modules/cjs/loader.js:1158:10)\n    at Module.load (internal/modules/cjs/loader.js:986:32)\n    at Function.Module._load (internal/modules/cjs/loader.js:879:14)\n    at Module.require (internal/modules/cjs/loader.js:1026:19)\n    at require (internal/modules/cjs/helpers.js:72:18)\n    at C:\\Users\\HP\\AppData\\Roaming\\npm\\node_modules\\firebase-tools\\lib\\emulator\\functionsEmulatorRuntime.js:681:33\n    at Generator.next (<anonymous>)\n    at fulfilled (C:\\Users\\HP\\AppData\\Roaming\\npm\\node_modules\\firebase-tools\\lib\\emulator\\functionsEmulatorRuntime.js:5:58)"}}
[warn] !  We were unable to load your functions code. (see above) {"metadata":{"emulator":{"name":"functions"}}}
[debug] [2020-10-21T17:01:47.041Z] [worker-~diagnostic~-773334f6-9baa-451d-a7a0-7caff52927d0]: exited {"metadata":{"emulator":{"name":"functions"},"message":"[worker-~diagnostic~-773334f6-9baa-451d-a7a0-7caff52927d0]: exited"}}
[debug] [2020-10-21T17:01:47.041Z] [worker-~diagnostic~-773334f6-9baa-451d-a7a0-7caff52927d0]: FINISHED {"metadata":{"emulator":{"name":"functions"},"message":"[worker-~diagnostic~-773334f6-9baa-451d-a7a0-7caff52927d0]: FINISHED"}}
[debug] [2020-10-21T17:04:32.878Z] File C:\Users\HP\Documents\GitHub\E-Commerce-ReactJS\functions\index.js changed, reloading triggers {"metadata":{"emulator":{"name":"functions"},"message":"File C:\\Users\\HP\\Documents\\GitHub\\E-Commerce-ReactJS\\functions\\index.js changed, reloading triggers"}}
[debug] [2020-10-21T17:04:33.068Z] File C:\Users\HP\Documents\GitHub\E-Commerce-ReactJS\functions\index.js changed, reloading triggers {"metadata":{"emulator":{"name":"functions"},"message":"File C:\\Users\\HP\\Documents\\GitHub\\E-Commerce-ReactJS\\functions\\index.js changed, reloading triggers"}}
[debug] [2020-10-21T17:04:34.190Z] [worker-pool] Cleaned up workers for ~diagnostic~: 2 --> 0 {"metadata":{"emulator":{"name":"functions"},"message":"[worker-pool] Cleaned up workers for ~diagnostic~: 2 --> 0"}}
[debug] [2020-10-21T17:04:34.193Z] [worker-pool] Cleaned up workers for api: 1 --> 0 {"metadata":{"emulator":{"name":"functions"},"message":"[worker-pool] Cleaned up workers for api: 1 --> 0"}}
[debug] [2020-10-21T17:04:34.284Z] [worker-pool] addWorker(~diagnostic~) {"metadata":{"emulator":{"name":"functions"},"message":"[worker-pool] addWorker(~diagnostic~)"}}
[debug] [2020-10-21T17:04:34.284Z] [worker-pool] Adding worker with key ~diagnostic~, total=1 {"metadata":{"emulator":{"name":"functions"},"message":"[worker-pool] Adding worker with key ~diagnostic~, total=1"}}
[debug] [2020-10-21T17:04:34.284Z] [worker-pool] submitWork(triggerId=) {"metadata":{"emulator":{"name":"functions"},"message":"[worker-pool] submitWork(triggerId=)"}}
[debug] [2020-10-21T17:04:34.286Z] [worker-~diagnostic~-8a54b48c-cc03-4f1d-825b-26414a3133ac]: Assigning socketPath: \\?\pipe\C:\Users\HP\Documents\GitHub\E-Commerce-ReactJS\functions\7492 {"metadata":{"emulator":{"name":"functions"},"message":"[worker-~diagnostic~-8a54b48c-cc03-4f1d-825b-26414a3133ac]: Assigning socketPath: \\\\?\\pipe\\C:\\Users\\HP\\Documents\\GitHub\\E-Commerce-ReactJS\\functions\\7492"}}
[debug] [2020-10-21T17:04:34.287Z] [worker-~diagnostic~-8a54b48c-cc03-4f1d-825b-26414a3133ac]: BUSY {"metadata":{"emulator":{"name":"functions"},"message":"[worker-~diagnostic~-8a54b48c-cc03-4f1d-825b-26414a3133ac]: BUSY"}}
[debug] [2020-10-21T17:04:39.422Z] [runtime-status] [7492] Functions runtime initialized. {"cwd":"C:\\Users\\HP\\Documents\\GitHub\\E-Commerce-ReactJS\\functions","node_version":"12.18.1"} {"metadata":{"emulator":{"name":"functions"},"message":"[runtime-status] [7492] Functions runtime initialized. {\"cwd\":\"C:\\\\Users\\\\HP\\\\Documents\\\\GitHub\\\\E-Commerce-ReactJS\\\\functions\",\"node_version\":\"12.18.1\"}"}}
[debug] [2020-10-21T17:04:39.450Z] [runtime-status] [7492] Disabled runtime features: undefined {"metadata":{"emulator":{"name":"functions"},"message":"[runtime-status] [7492] Disabled runtime features: undefined"}}
[debug] [2020-10-21T17:04:39.458Z] [runtime-status] [7492] Resolved module firebase-admin {"declared":true,"installed":true,"version":"8.13.0","resolution":"C:\\Users\\HP\\Documents\\GitHub\\E-Commerce-ReactJS\\functions\\node_modules\\firebase-admin\\lib\\index.js"} {"metadata":{"emulator":{"name":"functions"},"message":"[runtime-status] [7492] Resolved module firebase-admin {\"declared\":true,\"installed\":true,\"version\":\"8.13.0\",\"resolution\":\"C:\\\\Users\\\\HP\\\\Documents\\\\GitHub\\\\E-Commerce-ReactJS\\\\functions\\\\node_modules\\\\firebase-admin\\\\lib\\\\index.js\"}"}}
[debug] [2020-10-21T17:04:39.472Z] [runtime-status] [7492] Resolved module firebase-functions {"declared":true,"installed":true,"version":"3.11.0","resolution":"C:\\Users\\HP\\Documents\\GitHub\\E-Commerce-ReactJS\\functions\\node_modules\\firebase-functions\\lib\\index.js"} {"metadata":{"emulator":{"name":"functions"},"message":"[runtime-status] [7492] Resolved module firebase-functions {\"declared\":true,\"installed\":true,\"version\":\"3.11.0\",\"resolution\":\"C:\\\\Users\\\\HP\\\\Documents\\\\GitHub\\\\E-Commerce-ReactJS\\\\functions\\\\node_modules\\\\firebase-functions\\\\lib\\\\index.js\"}"}}
[debug] [2020-10-21T17:04:39.484Z] [runtime-status] [7492] Resolved module firebase-functions {"declared":true,"installed":true,"version":"3.11.0","resolution":"C:\\Users\\HP\\Documents\\GitHub\\E-Commerce-ReactJS\\functions\\node_modules\\firebase-functions\\lib\\index.js"} {"metadata":{"emulator":{"name":"functions"},"message":"[runtime-status] [7492] Resolved module firebase-functions {\"declared\":true,\"installed\":true,\"version\":\"3.11.0\",\"resolution\":\"C:\\\\Users\\\\HP\\\\Documents\\\\GitHub\\\\E-Commerce-ReactJS\\\\functions\\\\node_modules\\\\firebase-functions\\\\lib\\\\index.js\"}"}}
[debug] [2020-10-21T17:04:39.487Z] [runtime-status] [7492] Outgoing network have been stubbed. [{"name":"http","status":"mocked"},{"name":"http","status":"mocked"},{"name":"https","status":"mocked"},{"name":"https","status":"mocked"},{"name":"net","status":"mocked"}] {"metadata":{"emulator":{"name":"functions"},"message":"[runtime-status] [7492] Outgoing network have been stubbed. [{\"name\":\"http\",\"status\":\"mocked\"},{\"name\":\"http\",\"status\":\"mocked\"},{\"name\":\"https\",\"status\":\"mocked\"},{\"name\":\"https\",\"status\":\"mocked\"},{\"name\":\"net\",\"status\":\"mocked\"}]"}}
[debug] [2020-10-21T17:04:39.488Z] [runtime-status] [7492] Resolved module firebase-functions {"declared":true,"installed":true,"version":"3.11.0","resolution":"C:\\Users\\HP\\Documents\\GitHub\\E-Commerce-ReactJS\\functions\\node_modules\\firebase-functions\\lib\\index.js"} {"metadata":{"emulator":{"name":"functions"},"message":"[runtime-status] [7492] Resolved module firebase-functions {\"declared\":true,\"installed\":true,\"version\":\"3.11.0\",\"resolution\":\"C:\\\\Users\\\\HP\\\\Documents\\\\GitHub\\\\E-Commerce-ReactJS\\\\functions\\\\node_modules\\\\firebase-functions\\\\lib\\\\index.js\"}"}}
[debug] [2020-10-21T17:04:39.720Z] [runtime-status] [7492] Checked functions.config() {"config":{}} {"metadata":{"emulator":{"name":"functions"},"message":"[runtime-status] [7492] Checked functions.config() {\"config\":{}}"}}
[debug] [2020-10-21T17:04:39.721Z] [runtime-status] [7492] firebase-functions has been stubbed. {"functionsResolution":{"declared":true,"installed":true,"version":"3.11.0","resolution":"C:\\Users\\HP\\Documents\\GitHub\\E-Commerce-ReactJS\\functions\\node_modules\\firebase-functions\\lib\\index.js"}} {"metadata":{"emulator":{"name":"functions"},"message":"[runtime-status] [7492] firebase-functions has been stubbed. {\"functionsResolution\":{\"declared\":true,\"installed\":true,\"version\":\"3.11.0\",\"resolution\":\"C:\\\\Users\\\\HP\\\\Documents\\\\GitHub\\\\E-Commerce-ReactJS\\\\functions\\\\node_modules\\\\firebase-functions\\\\lib\\\\index.js\"}}"}}
[debug] [2020-10-21T17:04:39.722Z] [runtime-status] [7492] Resolved module firebase-functions {"declared":true,"installed":true,"version":"3.11.0","resolution":"C:\\Users\\HP\\Documents\\GitHub\\E-Commerce-ReactJS\\functions\\node_modules\\firebase-functions\\lib\\index.js"} {"metadata":{"emulator":{"name":"functions"},"message":"[runtime-status] [7492] Resolved module firebase-functions {\"declared\":true,\"installed\":true,\"version\":\"3.11.0\",\"resolution\":\"C:\\\\Users\\\\HP\\\\Documents\\\\GitHub\\\\E-Commerce-ReactJS\\\\functions\\\\node_modules\\\\firebase-functions\\\\lib\\\\index.js\"}"}}
[debug] [2020-10-21T17:04:39.723Z] [runtime-status] [7492] Resolved module firebase-admin {"declared":true,"installed":true,"version":"8.13.0","resolution":"C:\\Users\\HP\\Documents\\GitHub\\E-Commerce-ReactJS\\functions\\node_modules\\firebase-admin\\lib\\index.js"} {"metadata":{"emulator":{"name":"functions"},"message":"[runtime-status] [7492] Resolved module firebase-admin {\"declared\":true,\"installed\":true,\"version\":\"8.13.0\",\"resolution\":\"C:\\\\Users\\\\HP\\\\Documents\\\\GitHub\\\\E-Commerce-ReactJS\\\\functions\\\\node_modules\\\\firebase-admin\\\\lib\\\\index.js\"}"}}
[debug] [2020-10-21T17:04:39.734Z] [runtime-status] [7492] Resolved module firebase-functions {"declared":true,"installed":true,"version":"3.11.0","resolution":"C:\\Users\\HP\\Documents\\GitHub\\E-Commerce-ReactJS\\functions\\node_modules\\firebase-functions\\lib\\index.js"} {"metadata":{"emulator":{"name":"functions"},"message":"[runtime-status] [7492] Resolved module firebase-functions {\"declared\":true,\"installed\":true,\"version\":\"3.11.0\",\"resolution\":\"C:\\\\Users\\\\HP\\\\Documents\\\\GitHub\\\\E-Commerce-ReactJS\\\\functions\\\\node_modules\\\\firebase-functions\\\\lib\\\\index.js\"}"}}
[debug] [2020-10-21T17:04:39.735Z] [runtime-status] [7492] firebase-admin has been stubbed. {"adminResolution":{"declared":true,"installed":true,"version":"8.13.0","resolution":"C:\\Users\\HP\\Documents\\GitHub\\E-Commerce-ReactJS\\functions\\node_modules\\firebase-admin\\lib\\index.js"}} {"metadata":{"emulator":{"name":"functions"},"message":"[runtime-status] [7492] firebase-admin has been stubbed. {\"adminResolution\":{\"declared\":true,\"installed\":true,\"version\":\"8.13.0\",\"resolution\":\"C:\\\\Users\\\\HP\\\\Documents\\\\GitHub\\\\E-Commerce-ReactJS\\\\functions\\\\node_modules\\\\firebase-admin\\\\lib\\\\index.js\"}}"}}
[debug] [2020-10-21T17:04:40.651Z] [worker-~diagnostic~-8a54b48c-cc03-4f1d-825b-26414a3133ac]: IDLE {"metadata":{"emulator":{"name":"functions"},"message":"[worker-~diagnostic~-8a54b48c-cc03-4f1d-825b-26414a3133ac]: IDLE"}}
[debug] [2020-10-21T17:07:15.609Z] File C:\Users\HP\Documents\GitHub\E-Commerce-ReactJS\functions\index.js changed, reloading triggers {"metadata":{"emulator":{"name":"functions"},"message":"File C:\\Users\\HP\\Documents\\GitHub\\E-Commerce-ReactJS\\functions\\index.js changed, reloading triggers"}}
[debug] [2020-10-21T17:07:16.610Z] [worker-pool] Shutting down IDLE worker (~diagnostic~) {"metadata":{"emulator":{"name":"functions"},"message":"[worker-pool] Shutting down IDLE worker (~diagnostic~)"}}
[debug] [2020-10-21T17:07:16.610Z] [worker-~diagnostic~-8a54b48c-cc03-4f1d-825b-26414a3133ac]: FINISHING {"metadata":{"emulator":{"name":"functions"},"message":"[worker-~diagnostic~-8a54b48c-cc03-4f1d-825b-26414a3133ac]: FINISHING"}}
[debug] [2020-10-21T17:07:16.629Z] [worker-pool] addWorker(~diagnostic~) {"metadata":{"emulator":{"name":"functions"},"message":"[worker-pool] addWorker(~diagnostic~)"}}
[debug] [2020-10-21T17:07:16.630Z] [worker-pool] Adding worker with key ~diagnostic~, total=2 {"metadata":{"emulator":{"name":"functions"},"message":"[worker-pool] Adding worker with key ~diagnostic~, total=2"}}
[debug] [2020-10-21T17:07:16.630Z] [worker-pool] submitWork(triggerId=) {"metadata":{"emulator":{"name":"functions"},"message":"[worker-pool] submitWork(triggerId=)"}}
[debug] [2020-10-21T17:07:16.631Z] [worker-~diagnostic~-11b1be8d-8802-4ca2-bcd4-5960f33dcacf]: Assigning socketPath: \\?\pipe\C:\Users\HP\Documents\GitHub\E-Commerce-ReactJS\functions\6452 {"metadata":{"emulator":{"name":"functions"},"message":"[worker-~diagnostic~-11b1be8d-8802-4ca2-bcd4-5960f33dcacf]: Assigning socketPath: \\\\?\\pipe\\C:\\Users\\HP\\Documents\\GitHub\\E-Commerce-ReactJS\\functions\\6452"}}
[debug] [2020-10-21T17:07:16.631Z] [worker-~diagnostic~-11b1be8d-8802-4ca2-bcd4-5960f33dcacf]: BUSY {"metadata":{"emulator":{"name":"functions"},"message":"[worker-~diagnostic~-11b1be8d-8802-4ca2-bcd4-5960f33dcacf]: BUSY"}}
[debug] [2020-10-21T17:07:16.643Z] [worker-~diagnostic~-8a54b48c-cc03-4f1d-825b-26414a3133ac]: exited {"metadata":{"emulator":{"name":"functions"},"message":"[worker-~diagnostic~-8a54b48c-cc03-4f1d-825b-26414a3133ac]: exited"}}
[debug] [2020-10-21T17:07:16.643Z] [worker-~diagnostic~-8a54b48c-cc03-4f1d-825b-26414a3133ac]: FINISHED {"metadata":{"emulator":{"name":"functions"},"message":"[worker-~diagnostic~-8a54b48c-cc03-4f1d-825b-26414a3133ac]: FINISHED"}}
[debug] [2020-10-21T17:07:17.586Z] [runtime-status] [6452] Functions runtime initialized. {"cwd":"C:\\Users\\HP\\Documents\\GitHub\\E-Commerce-ReactJS\\functions","node_version":"12.18.1"} {"metadata":{"emulator":{"name":"functions"},"message":"[runtime-status] [6452] Functions runtime initialized. {\"cwd\":\"C:\\\\Users\\\\HP\\\\Documents\\\\GitHub\\\\E-Commerce-ReactJS\\\\functions\",\"node_version\":\"12.18.1\"}"}}
[debug] [2020-10-21T17:07:17.596Z] [runtime-status] [6452] Disabled runtime features: undefined {"metadata":{"emulator":{"name":"functions"},"message":"[runtime-status] [6452] Disabled runtime features: undefined"}}
[debug] [2020-10-21T17:07:17.606Z] [runtime-status] [6452] Resolved module firebase-admin {"declared":true,"installed":true,"version":"8.13.0","resolution":"C:\\Users\\HP\\Documents\\GitHub\\E-Commerce-ReactJS\\functions\\node_modules\\firebase-admin\\lib\\index.js"} {"metadata":{"emulator":{"name":"functions"},"message":"[runtime-status] [6452] Resolved module firebase-admin {\"declared\":true,\"installed\":true,\"version\":\"8.13.0\",\"resolution\":\"C:\\\\Users\\\\HP\\\\Documents\\\\GitHub\\\\E-Commerce-ReactJS\\\\functions\\\\node_modules\\\\firebase-admin\\\\lib\\\\index.js\"}"}}
[debug] [2020-10-21T17:07:17.608Z] [runtime-status] [6452] Resolved module firebase-functions {"declared":true,"installed":true,"version":"3.11.0","resolution":"C:\\Users\\HP\\Documents\\GitHub\\E-Commerce-ReactJS\\functions\\node_modules\\firebase-functions\\lib\\index.js"} {"metadata":{"emulator":{"name":"functions"},"message":"[runtime-status] [6452] Resolved module firebase-functions {\"declared\":true,\"installed\":true,\"version\":\"3.11.0\",\"resolution\":\"C:\\\\Users\\\\HP\\\\Documents\\\\GitHub\\\\E-Commerce-ReactJS\\\\functions\\\\node_modules\\\\firebase-functions\\\\lib\\\\index.js\"}"}}
[debug] [2020-10-21T17:07:17.609Z] [runtime-status] [6452] Resolved module firebase-functions {"declared":true,"installed":true,"version":"3.11.0","resolution":"C:\\Users\\HP\\Documents\\GitHub\\E-Commerce-ReactJS\\functions\\node_modules\\firebase-functions\\lib\\index.js"} {"metadata":{"emulator":{"name":"functions"},"message":"[runtime-status] [6452] Resolved module firebase-functions {\"declared\":true,\"installed\":true,\"version\":\"3.11.0\",\"resolution\":\"C:\\\\Users\\\\HP\\\\Documents\\\\GitHub\\\\E-Commerce-ReactJS\\\\functions\\\\node_modules\\\\firebase-functions\\\\lib\\\\index.js\"}"}}
[debug] [2020-10-21T17:07:17.611Z] [runtime-status] [6452] Outgoing network have been stubbed. [{"name":"http","status":"mocked"},{"name":"http","status":"mocked"},{"name":"https","status":"mocked"},{"name":"https","status":"mocked"},{"name":"net","status":"mocked"}] {"metadata":{"emulator":{"name":"functions"},"message":"[runtime-status] [6452] Outgoing network have been stubbed. [{\"name\":\"http\",\"status\":\"mocked\"},{\"name\":\"http\",\"status\":\"mocked\"},{\"name\":\"https\",\"status\":\"mocked\"},{\"name\":\"https\",\"status\":\"mocked\"},{\"name\":\"net\",\"status\":\"mocked\"}]"}}
[debug] [2020-10-21T17:07:17.612Z] [runtime-status] [6452] Resolved module firebase-functions {"declared":true,"installed":true,"version":"3.11.0","resolution":"C:\\Users\\HP\\Documents\\GitHub\\E-Commerce-ReactJS\\functions\\node_modules\\firebase-functions\\lib\\index.js"} {"metadata":{"emulator":{"name":"functions"},"message":"[runtime-status] [6452] Resolved module firebase-functions {\"declared\":true,\"installed\":true,\"version\":\"3.11.0\",\"resolution\":\"C:\\\\Users\\\\HP\\\\Documents\\\\GitHub\\\\E-Commerce-ReactJS\\\\functions\\\\node_modules\\\\firebase-functions\\\\lib\\\\index.js\"}"}}
[debug] [2020-10-21T17:07:17.673Z] [runtime-status] [6452] Checked functions.config() {"config":{}} {"metadata":{"emulator":{"name":"functions"},"message":"[runtime-status] [6452] Checked functions.config() {\"config\":{}}"}}
[debug] [2020-10-21T17:07:17.673Z] [runtime-status] [6452] firebase-functions has been stubbed. {"functionsResolution":{"declared":true,"installed":true,"version":"3.11.0","resolution":"C:\\Users\\HP\\Documents\\GitHub\\E-Commerce-ReactJS\\functions\\node_modules\\firebase-functions\\lib\\index.js"}} {"metadata":{"emulator":{"name":"functions"},"message":"[runtime-status] [6452] firebase-functions has been stubbed. {\"functionsResolution\":{\"declared\":true,\"installed\":true,\"version\":\"3.11.0\",\"resolution\":\"C:\\\\Users\\\\HP\\\\Documents\\\\GitHub\\\\E-Commerce-ReactJS\\\\functions\\\\node_modules\\\\firebase-functions\\\\lib\\\\index.js\"}}"}}
[debug] [2020-10-21T17:07:17.674Z] [runtime-status] [6452] Resolved module firebase-functions {"declared":true,"installed":true,"version":"3.11.0","resolution":"C:\\Users\\HP\\Documents\\GitHub\\E-Commerce-ReactJS\\functions\\node_modules\\firebase-functions\\lib\\index.js"} {"metadata":{"emulator":{"name":"functions"},"message":"[runtime-status] [6452] Resolved module firebase-functions {\"declared\":true,\"installed\":true,\"version\":\"3.11.0\",\"resolution\":\"C:\\\\Users\\\\HP\\\\Documents\\\\GitHub\\\\E-Commerce-ReactJS\\\\functions\\\\node_modules\\\\firebase-functions\\\\lib\\\\index.js\"}"}}
[debug] [2020-10-21T17:07:17.675Z] [runtime-status] [6452] Resolved module firebase-admin {"declared":true,"installed":true,"version":"8.13.0","resolution":"C:\\Users\\HP\\Documents\\GitHub\\E-Commerce-ReactJS\\functions\\node_modules\\firebase-admin\\lib\\index.js"} {"metadata":{"emulator":{"name":"functions"},"message":"[runtime-status] [6452] Resolved module firebase-admin {\"declared\":true,\"installed\":true,\"version\":\"8.13.0\",\"resolution\":\"C:\\\\Users\\\\HP\\\\Documents\\\\GitHub\\\\E-Commerce-ReactJS\\\\functions\\\\node_modules\\\\firebase-admin\\\\lib\\\\index.js\"}"}}
[debug] [2020-10-21T17:07:17.676Z] [runtime-status] [6452] Resolved module firebase-functions {"declared":true,"installed":true,"version":"3.11.0","resolution":"C:\\Users\\HP\\Documents\\GitHub\\E-Commerce-ReactJS\\functions\\node_modules\\firebase-functions\\lib\\index.js"} {"metadata":{"emulator":{"name":"functions"},"message":"[runtime-status] [6452] Resolved module firebase-functions {\"declared\":true,\"installed\":true,\"version\":\"3.11.0\",\"resolution\":\"C:\\\\Users\\\\HP\\\\Documents\\\\GitHub\\\\E-Commerce-ReactJS\\\\functions\\\\node_modules\\\\firebase-functions\\\\lib\\\\index.js\"}"}}
[debug] [2020-10-21T17:07:17.676Z] [runtime-status] [6452] firebase-admin has been stubbed. {"adminResolution":{"declared":true,"installed":true,"version":"8.13.0","resolution":"C:\\Users\\HP\\Documents\\GitHub\\E-Commerce-ReactJS\\functions\\node_modules\\firebase-admin\\lib\\index.js"}} {"metadata":{"emulator":{"name":"functions"},"message":"[runtime-status] [6452] firebase-admin has been stubbed. {\"adminResolution\":{\"declared\":true,\"installed\":true,\"version\":\"8.13.0\",\"resolution\":\"C:\\\\Users\\\\HP\\\\Documents\\\\GitHub\\\\E-Commerce-ReactJS\\\\functions\\\\node_modules\\\\firebase-admin\\\\lib\\\\index.js\"}}"}}
[debug] [2020-10-21T17:07:17.900Z] [worker-~diagnostic~-11b1be8d-8802-4ca2-bcd4-5960f33dcacf]: IDLE {"metadata":{"emulator":{"name":"functions"},"message":"[worker-~diagnostic~-11b1be8d-8802-4ca2-bcd4-5960f33dcacf]: IDLE"}}
[debug] [2020-10-21T17:11:35.466Z] [work-queue] {"queueLength":1,"workRunningCount":0}
[debug] [2020-10-21T17:11:35.466Z] [work-queue] {"queueLength":0,"workRunningCount":1}
[debug] [2020-10-21T17:11:35.467Z] Accepted request GET /store-1fe3d/us-central1/api --> api
[debug] [2020-10-21T17:11:35.467Z] [worker-pool] Cleaned up workers for ~diagnostic~: 2 --> 1 {"metadata":{"emulator":{"name":"functions"},"message":"[worker-pool] Cleaned up workers for ~diagnostic~: 2 --> 1"}}
[debug] [2020-10-21T17:11:35.478Z] [worker-pool] addWorker(api) {"metadata":{"emulator":{"name":"functions"},"message":"[worker-pool] addWorker(api)"}}
[debug] [2020-10-21T17:11:35.479Z] [worker-pool] Adding worker with key api, total=1 {"metadata":{"emulator":{"name":"functions"},"message":"[worker-pool] Adding worker with key api, total=1"}}
[debug] [2020-10-21T17:11:35.479Z] [worker-pool] submitWork(triggerId=api) {"metadata":{"emulator":{"name":"functions"},"message":"[worker-pool] submitWork(triggerId=api)"}}
[debug] [2020-10-21T17:11:35.479Z] [worker-api-54f53e38-b320-48a9-a810-8fa5f3830151]: Assigning socketPath: \\?\pipe\C:\Users\HP\Documents\GitHub\E-Commerce-ReactJS\functions\5320 {"metadata":{"emulator":{"name":"functions"},"message":"[worker-api-54f53e38-b320-48a9-a810-8fa5f3830151]: Assigning socketPath: \\\\?\\pipe\\C:\\Users\\HP\\Documents\\GitHub\\E-Commerce-ReactJS\\functions\\5320"}}
[debug] [2020-10-21T17:11:35.480Z] [worker-api-54f53e38-b320-48a9-a810-8fa5f3830151]: BUSY {"metadata":{"emulator":{"name":"functions"},"message":"[worker-api-54f53e38-b320-48a9-a810-8fa5f3830151]: BUSY"}}
[debug] [2020-10-21T17:11:36.027Z] [runtime-status] [5320] Functions runtime initialized. {"cwd":"C:\\Users\\HP\\Documents\\GitHub\\E-Commerce-ReactJS\\functions","node_version":"12.18.1"} {"metadata":{"emulator":{"name":"functions"},"function":{"name":"api"},"message":"[runtime-status] [5320] Functions runtime initialized. {\"cwd\":\"C:\\\\Users\\\\HP\\\\Documents\\\\GitHub\\\\E-Commerce-ReactJS\\\\functions\",\"node_version\":\"12.18.1\"}"}}
[debug] [2020-10-21T17:11:36.033Z] [runtime-status] [5320] Disabled runtime features: undefined {"metadata":{"emulator":{"name":"functions"},"function":{"name":"api"},"message":"[runtime-status] [5320] Disabled runtime features: undefined"}}
[debug] [2020-10-21T17:11:36.038Z] [runtime-status] [5320] Resolved module firebase-admin {"declared":true,"installed":true,"version":"8.13.0","resolution":"C:\\Users\\HP\\Documents\\GitHub\\E-Commerce-ReactJS\\functions\\node_modules\\firebase-admin\\lib\\index.js"} {"metadata":{"emulator":{"name":"functions"},"function":{"name":"api"},"message":"[runtime-status] [5320] Resolved module firebase-admin {\"declared\":true,\"installed\":true,\"version\":\"8.13.0\",\"resolution\":\"C:\\\\Users\\\\HP\\\\Documents\\\\GitHub\\\\E-Commerce-ReactJS\\\\functions\\\\node_modules\\\\firebase-admin\\\\lib\\\\index.js\"}"}}
[debug] [2020-10-21T17:11:36.043Z] [runtime-status] [5320] Resolved module firebase-functions {"declared":true,"installed":true,"version":"3.11.0","resolution":"C:\\Users\\HP\\Documents\\GitHub\\E-Commerce-ReactJS\\functions\\node_modules\\firebase-functions\\lib\\index.js"} {"metadata":{"emulator":{"name":"functions"},"function":{"name":"api"},"message":"[runtime-status] [5320] Resolved module firebase-functions {\"declared\":true,\"installed\":true,\"version\":\"3.11.0\",\"resolution\":\"C:\\\\Users\\\\HP\\\\Documents\\\\GitHub\\\\E-Commerce-ReactJS\\\\functions\\\\node_modules\\\\firebase-functions\\\\lib\\\\index.js\"}"}}
[debug] [2020-10-21T17:11:36.045Z] [runtime-status] [5320] Resolved module firebase-functions {"declared":true,"installed":true,"version":"3.11.0","resolution":"C:\\Users\\HP\\Documents\\GitHub\\E-Commerce-ReactJS\\functions\\node_modules\\firebase-functions\\lib\\index.js"} {"metadata":{"emulator":{"name":"functions"},"function":{"name":"api"},"message":"[runtime-status] [5320] Resolved module firebase-functions {\"declared\":true,\"installed\":true,\"version\":\"3.11.0\",\"resolution\":\"C:\\\\Users\\\\HP\\\\Documents\\\\GitHub\\\\E-Commerce-ReactJS\\\\functions\\\\node_modules\\\\firebase-functions\\\\lib\\\\index.js\"}"}}
[debug] [2020-10-21T17:11:36.047Z] [runtime-status] [5320] Outgoing network have been stubbed. [{"name":"http","status":"mocked"},{"name":"http","status":"mocked"},{"name":"https","status":"mocked"},{"name":"https","status":"mocked"},{"name":"net","status":"mocked"}] {"metadata":{"emulator":{"name":"functions"},"function":{"name":"api"},"message":"[runtime-status] [5320] Outgoing network have been stubbed. [{\"name\":\"http\",\"status\":\"mocked\"},{\"name\":\"http\",\"status\":\"mocked\"},{\"name\":\"https\",\"status\":\"mocked\"},{\"name\":\"https\",\"status\":\"mocked\"},{\"name\":\"net\",\"status\":\"mocked\"}]"}}
[debug] [2020-10-21T17:11:36.047Z] [runtime-status] [5320] Resolved module firebase-functions {"declared":true,"installed":true,"version":"3.11.0","resolution":"C:\\Users\\HP\\Documents\\GitHub\\E-Commerce-ReactJS\\functions\\node_modules\\firebase-functions\\lib\\index.js"} {"metadata":{"emulator":{"name":"functions"},"function":{"name":"api"},"message":"[runtime-status] [5320] Resolved module firebase-functions {\"declared\":true,\"installed\":true,\"version\":\"3.11.0\",\"resolution\":\"C:\\\\Users\\\\HP\\\\Documents\\\\GitHub\\\\E-Commerce-ReactJS\\\\functions\\\\node_modules\\\\firebase-functions\\\\lib\\\\index.js\"}"}}
[debug] [2020-10-21T17:11:36.101Z] [runtime-status] [5320] Checked functions.config() {"config":{}} {"metadata":{"emulator":{"name":"functions"},"function":{"name":"api"},"message":"[runtime-status] [5320] Checked functions.config() {\"config\":{}}"}}
[debug] [2020-10-21T17:11:36.102Z] [runtime-status] [5320] firebase-functions has been stubbed. {"functionsResolution":{"declared":true,"installed":true,"version":"3.11.0","resolution":"C:\\Users\\HP\\Documents\\GitHub\\E-Commerce-ReactJS\\functions\\node_modules\\firebase-functions\\lib\\index.js"}} {"metadata":{"emulator":{"name":"functions"},"function":{"name":"api"},"message":"[runtime-status] [5320] firebase-functions has been stubbed. {\"functionsResolution\":{\"declared\":true,\"installed\":true,\"version\":\"3.11.0\",\"resolution\":\"C:\\\\Users\\\\HP\\\\Documents\\\\GitHub\\\\E-Commerce-ReactJS\\\\functions\\\\node_modules\\\\firebase-functions\\\\lib\\\\index.js\"}}"}}
[debug] [2020-10-21T17:11:36.103Z] [runtime-status] [5320] Resolved module firebase-functions {"declared":true,"installed":true,"version":"3.11.0","resolution":"C:\\Users\\HP\\Documents\\GitHub\\E-Commerce-ReactJS\\functions\\node_modules\\firebase-functions\\lib\\index.js"} {"metadata":{"emulator":{"name":"functions"},"function":{"name":"api"},"message":"[runtime-status] [5320] Resolved module firebase-functions {\"declared\":true,\"installed\":true,\"version\":\"3.11.0\",\"resolution\":\"C:\\\\Users\\\\HP\\\\Documents\\\\GitHub\\\\E-Commerce-ReactJS\\\\functions\\\\node_modules\\\\firebase-functions\\\\lib\\\\index.js\"}"}}
[debug] [2020-10-21T17:11:36.104Z] [runtime-status] [5320] Resolved module firebase-admin {"declared":true,"installed":true,"version":"8.13.0","resolution":"C:\\Users\\HP\\Documents\\GitHub\\E-Commerce-ReactJS\\functions\\node_modules\\firebase-admin\\lib\\index.js"} {"metadata":{"emulator":{"name":"functions"},"function":{"name":"api"},"message":"[runtime-status] [5320] Resolved module firebase-admin {\"declared\":true,\"installed\":true,\"version\":\"8.13.0\",\"resolution\":\"C:\\\\Users\\\\HP\\\\Documents\\\\GitHub\\\\E-Commerce-ReactJS\\\\functions\\\\node_modules\\\\firebase-admin\\\\lib\\\\index.js\"}"}}
[debug] [2020-10-21T17:11:36.105Z] [runtime-status] [5320] Resolved module firebase-functions {"declared":true,"installed":true,"version":"3.11.0","resolution":"C:\\Users\\HP\\Documents\\GitHub\\E-Commerce-ReactJS\\functions\\node_modules\\firebase-functions\\lib\\index.js"} {"metadata":{"emulator":{"name":"functions"},"function":{"name":"api"},"message":"[runtime-status] [5320] Resolved module firebase-functions {\"declared\":true,\"installed\":true,\"version\":\"3.11.0\",\"resolution\":\"C:\\\\Users\\\\HP\\\\Documents\\\\GitHub\\\\E-Commerce-ReactJS\\\\functions\\\\node_modules\\\\firebase-functions\\\\lib\\\\index.js\"}"}}
[debug] [2020-10-21T17:11:36.105Z] [runtime-status] [5320] firebase-admin has been stubbed. {"adminResolution":{"declared":true,"installed":true,"version":"8.13.0","resolution":"C:\\Users\\HP\\Documents\\GitHub\\E-Commerce-ReactJS\\functions\\node_modules\\firebase-admin\\lib\\index.js"}} {"metadata":{"emulator":{"name":"functions"},"function":{"name":"api"},"message":"[runtime-status] [5320] firebase-admin has been stubbed. {\"adminResolution\":{\"declared\":true,\"installed\":true,\"version\":\"8.13.0\",\"resolution\":\"C:\\\\Users\\\\HP\\\\Documents\\\\GitHub\\\\E-Commerce-ReactJS\\\\functions\\\\node_modules\\\\firebase-admin\\\\lib\\\\index.js\"}}"}}
[debug] [2020-10-21T17:11:36.317Z] [runtime-status] [5320] Trigger "api" has been found, beginning invocation! {"metadata":{"emulator":{"name":"functions"},"function":{"name":"api"},"message":"[runtime-status] [5320] Trigger \"api\" has been found, beginning invocation!"}}
[info] i  functions: Beginning execution of "api" {"metadata":{"emulator":{"name":"functions"},"function":{"name":"api"},"message":"Beginning execution of \"api\""}}
[debug] [2020-10-21T17:11:36.319Z] [runtime-status] [5320] triggerDefinition {"httpsTrigger":{},"name":"api","entryPoint":"api"} {"metadata":{"emulator":{"name":"functions"},"function":{"name":"api"},"message":"[runtime-status] [5320] triggerDefinition {\"httpsTrigger\":{},\"name\":\"api\",\"entryPoint\":\"api\"}"}}
[debug] [2020-10-21T17:11:36.319Z] [runtime-status] [5320] Running api in mode HTTPS {"metadata":{"emulator":{"name":"functions"},"function":{"name":"api"},"message":"[runtime-status] [5320] Running api in mode HTTPS"}}
[debug] [2020-10-21T17:11:36.325Z] [runtime-status] [5320] Attempting to listen to socketPath: \\?\pipe\C:\Users\HP\Documents\GitHub\E-Commerce-ReactJS\functions\5320 {"metadata":{"emulator":{"name":"functions"},"function":{"name":"api"},"message":"[runtime-status] [5320] Attempting to listen to socketPath: \\\\?\\pipe\\C:\\Users\\HP\\Documents\\GitHub\\E-Commerce-ReactJS\\functions\\5320"}}
[debug] [2020-10-21T17:11:36.329Z] [functions] Runtime ready! Sending request! {"metadata":{"emulator":{"name":"functions"},"message":"[functions] Runtime ready! Sending request!"}}
[debug] [2020-10-21T17:11:36.339Z] [runtime-status] [5320] Ephemeral server handling GET request {"metadata":{"emulator":{"name":"functions"},"function":{"name":"api"},"message":"[runtime-status] [5320] Ephemeral server handling GET request"}}
[debug] [2020-10-21T17:11:36.350Z] [runtime-status] [5320] Ephemeral server survived. {"metadata":{"emulator":{"name":"functions"},"function":{"name":"api"},"message":"[runtime-status] [5320] Ephemeral server survived."}}
[info] i  functions: Finished "api" in ~1s {"metadata":{"emulator":{"name":"functions"},"function":{"name":"api"},"message":"Finished \"api\" in ~1s"}}
[debug] [2020-10-21T17:11:36.359Z] [worker-api-54f53e38-b320-48a9-a810-8fa5f3830151]: IDLE {"metadata":{"emulator":{"name":"functions"},"message":"[worker-api-54f53e38-b320-48a9-a810-8fa5f3830151]: IDLE"}}
[debug] [2020-10-21T17:11:36.360Z] [work-queue] {"queueLength":0,"workRunningCount":0}
